2012/07/13 16:34:17 [error] [exception.CHttpException.404] exception 'CHttpException' with message 'Unable to resolve the request "admin/template/common/css/csshover3.htc".' in /var/www/panpan/fangte/framework/web/CWebApplication.php:281
Stack trace:
#0 /var/www/panpan/fangte/framework/web/CWebApplication.php(136): CWebApplication->runController('admin/template/...')
#1 /var/www/panpan/fangte/framework/base/CApplication.php(158): CWebApplication->processRequest()
#2 /var/www/panpan/fangte/index.php(15): CApplication->run()
#3 {main} REQUEST_URI=/admin/template/common/css/csshover3.htc
2012/07/13 16:34:17 [error] [exception.CHttpException.404] exception 'CHttpException' with message 'Unable to resolve the request "admin/template/common/css/csshover3.htc".' in /var/www/panpan/fangte/framework/web/CWebApplication.php:281
Stack trace:
#0 /var/www/panpan/fangte/framework/web/CWebApplication.php(136): CWebApplication->runController('admin/template/...')
#1 /var/www/panpan/fangte/framework/base/CApplication.php(158): CWebApplication->processRequest()
#2 /var/www/panpan/fangte/index.php(15): CApplication->run()
#3 {main} REQUEST_URI=/admin/template/common/css/csshover3.htc
2012/07/13 16:34:18 [error] [exception.CHttpException.404] exception 'CHttpException' with message 'Unable to resolve the request "admin/template/common/css/csshover3.htc".' in /var/www/panpan/fangte/framework/web/CWebApplication.php:281
Stack trace:
#0 /var/www/panpan/fangte/framework/web/CWebApplication.php(136): CWebApplication->runController('admin/template/...')
#1 /var/www/panpan/fangte/framework/base/CApplication.php(158): CWebApplication->processRequest()
#2 /var/www/panpan/fangte/index.php(15): CApplication->run()
#3 {main} REQUEST_URI=/admin/template/common/css/csshover3.htc
2012/07/13 16:34:18 [error] [exception.CHttpException.404] exception 'CHttpException' with message 'Unable to resolve the request "admin/template/common/css/csshover3.htc".' in /var/www/panpan/fangte/framework/web/CWebApplication.php:281
Stack trace:
#0 /var/www/panpan/fangte/framework/web/CWebApplication.php(136): CWebApplication->runController('admin/template/...')
#1 /var/www/panpan/fangte/framework/base/CApplication.php(158): CWebApplication->processRequest()
#2 /var/www/panpan/fangte/index.php(15): CApplication->run()
#3 {main} REQUEST_URI=/admin/template/common/css/csshover3.htc
2012/07/13 16:34:25 [error] [exception.CHttpException.404] exception 'CHttpException' with message 'Unable to resolve the request "admin/template/common/css/csshover3.htc".' in /var/www/panpan/fangte/framework/web/CWebApplication.php:281
Stack trace:
#0 /var/www/panpan/fangte/framework/web/CWebApplication.php(136): CWebApplication->runController('admin/template/...')
#1 /var/www/panpan/fangte/framework/base/CApplication.php(158): CWebApplication->processRequest()
#2 /var/www/panpan/fangte/index.php(15): CApplication->run()
#3 {main} REQUEST_URI=/admin/template/common/css/csshover3.htc
2012/07/13 16:34:44 [error] [exception.CHttpException.404] exception 'CHttpException' with message 'Unable to resolve the request "admin/template/common/css/csshover3.htc".' in /var/www/panpan/fangte/framework/web/CWebApplication.php:281
Stack trace:
#0 /var/www/panpan/fangte/framework/web/CWebApplication.php(136): CWebApplication->runController('admin/template/...')
#1 /var/www/panpan/fangte/framework/base/CApplication.php(158): CWebApplication->processRequest()
#2 /var/www/panpan/fangte/index.php(15): CApplication->run()
#3 {main} REQUEST_URI=/admin/template/common/css/csshover3.htc
2012/07/13 16:37:38 [error] [exception.CHttpException.404] exception 'CHttpException' with message 'The system is unable to find the requested action "css".' in /var/www/panpan/fangte/framework/web/CController.php:477
Stack trace:
#0 /var/www/panpan/fangte/framework/web/CController.php(262): CController->missingAction('css')
#1 /var/www/panpan/fangte/framework/web/CWebApplication.php(277): CController->run('css')
#2 /var/www/panpan/fangte/framework/web/CWebApplication.php(136): CWebApplication->runController('admin/news/css/...')
#3 /var/www/panpan/fangte/framework/base/CApplication.php(158): CWebApplication->processRequest()
#4 /var/www/panpan/fangte/index.php(15): CApplication->run()
#5 {main} REQUEST_URI=/admin/news/css/regis.css
2012/07/13 16:37:41 [error] [exception.CHttpException.404] exception 'CHttpException' with message 'Unable to resolve the request "admin/template/common/css/csshover3.htc".' in /var/www/panpan/fangte/framework/web/CWebApplication.php:281
Stack trace:
#0 /var/www/panpan/fangte/framework/web/CWebApplication.php(136): CWebApplication->runController('admin/template/...')
#1 /var/www/panpan/fangte/framework/base/CApplication.php(158): CWebApplication->processRequest()
#2 /var/www/panpan/fangte/index.php(15): CApplication->run()
#3 {main} REQUEST_URI=/admin/template/common/css/csshover3.htc
2012/07/13 16:38:44 [error] [exception.CHttpException.404] exception 'CHttpException' with message 'Unable to resolve the request "admin/template/common/css/csshover3.htc".' in /var/www/panpan/fangte/framework/web/CWebApplication.php:281
Stack trace:
#0 /var/www/panpan/fangte/framework/web/CWebApplication.php(136): CWebApplication->runController('admin/template/...')
#1 /var/www/panpan/fangte/framework/base/CApplication.php(158): CWebApplication->processRequest()
#2 /var/www/panpan/fangte/index.php(15): CApplication->run()
#3 {main} REQUEST_URI=/admin/template/common/css/csshover3.htc
2012/07/13 16:39:14 [error] [exception.CHttpException.404] exception 'CHttpException' with message 'The system is unable to find the requested action "css".' in /var/www/panpan/fangte/framework/web/CController.php:477
Stack trace:
#0 /var/www/panpan/fangte/framework/web/CController.php(262): CController->missingAction('css')
#1 /var/www/panpan/fangte/framework/web/CWebApplication.php(277): CController->run('css')
#2 /var/www/panpan/fangte/framework/web/CWebApplication.php(136): CWebApplication->runController('admin/news/css/...')
#3 /var/www/panpan/fangte/framework/base/CApplication.php(158): CWebApplication->processRequest()
#4 /var/www/panpan/fangte/index.php(15): CApplication->run()
#5 {main} REQUEST_URI=/admin/news/css/regis.css
2012/07/13 16:39:52 [error] [exception.CHttpException.404] exception 'CHttpException' with message 'The system is unable to find the requested action "css".' in /var/www/panpan/fangte/framework/web/CController.php:477
Stack trace:
#0 /var/www/panpan/fangte/framework/web/CController.php(262): CController->missingAction('css')
#1 /var/www/panpan/fangte/framework/web/CWebApplication.php(277): CController->run('css')
#2 /var/www/panpan/fangte/framework/web/CWebApplication.php(136): CWebApplication->runController('admin/news/css/...')
#3 /var/www/panpan/fangte/framework/base/CApplication.php(158): CWebApplication->processRequest()
#4 /var/www/panpan/fangte/index.php(15): CApplication->run()
#5 {main} REQUEST_URI=/admin/news/css/regis.css
2012/07/13 16:46:08 [error] [exception.CHttpException.404] exception 'CHttpException' with message 'Unable to resolve the request "favicon.ico".' in /var/www/panpan/fangte/framework/web/CWebApplication.php:281
Stack trace:
#0 /var/www/panpan/fangte/framework/web/CWebApplication.php(136): CWebApplication->runController('favicon.ico')
#1 /var/www/panpan/fangte/framework/base/CApplication.php(158): CWebApplication->processRequest()
#2 /var/www/panpan/fangte/index.php(15): CApplication->run()
#3 {main} REQUEST_URI=/favicon.ico
2012/07/13 16:49:35 [error] [exception.CHttpException.404] exception 'CHttpException' with message 'Unable to resolve the request "favicon.ico".' in /var/www/panpan/fangte/framework/web/CWebApplication.php:281
Stack trace:
#0 /var/www/panpan/fangte/framework/web/CWebApplication.php(136): CWebApplication->runController('favicon.ico')
#1 /var/www/panpan/fangte/framework/base/CApplication.php(158): CWebApplication->processRequest()
#2 /var/www/panpan/fangte/index.php(15): CApplication->run()
#3 {main} REQUEST_URI=/favicon.ico
2012/07/13 16:58:32 [error] [exception.CHttpException.404] exception 'CHttpException' with message 'Unable to resolve the request "favicon.ico".' in /var/www/panpan/fangte/framework/web/CWebApplication.php:281
Stack trace:
#0 /var/www/panpan/fangte/framework/web/CWebApplication.php(136): CWebApplication->runController('favicon.ico')
#1 /var/www/panpan/fangte/framework/base/CApplication.php(158): CWebApplication->processRequest()
#2 /var/www/panpan/fangte/index.php(15): CApplication->run()
#3 {main} REQUEST_URI=/favicon.ico
2012/07/13 17:15:12 [error] [exception.CHttpException.404] exception 'CHttpException' with message 'Unable to resolve the request "favicon.ico".' in /var/www/panpan/fangte/framework/web/CWebApplication.php:281
Stack trace:
#0 /var/www/panpan/fangte/framework/web/CWebApplication.php(136): CWebApplication->runController('favicon.ico')
#1 /var/www/panpan/fangte/framework/base/CApplication.php(158): CWebApplication->processRequest()
#2 /var/www/panpan/fangte/index.php(15): CApplication->run()
#3 {main} REQUEST_URI=/favicon.ico
2012/07/13 17:15:23 [error] [exception.CHttpException.404] exception 'CHttpException' with message 'Unable to resolve the request "favicon.ico".' in /var/www/panpan/fangte/framework/web/CWebApplication.php:281
Stack trace:
#0 /var/www/panpan/fangte/framework/web/CWebApplication.php(136): CWebApplication->runController('favicon.ico')
#1 /var/www/panpan/fangte/framework/base/CApplication.php(158): CWebApplication->processRequest()
#2 /var/www/panpan/fangte/index.php(15): CApplication->run()
#3 {main} REQUEST_URI=/favicon.ico
2012/07/13 17:32:16 [error] [exception.CHttpException.404] exception 'CHttpException' with message 'Unable to resolve the request "favicon.ico".' in /var/www/panpan/fangte/framework/web/CWebApplication.php:281
Stack trace:
#0 /var/www/panpan/fangte/framework/web/CWebApplication.php(136): CWebApplication->runController('favicon.ico')
#1 /var/www/panpan/fangte/framework/base/CApplication.php(158): CWebApplication->processRequest()
#2 /var/www/panpan/fangte/index.php(15): CApplication->run()
#3 {main} REQUEST_URI=/favicon.ico
2012/07/13 17:32:53 [error] [exception.CHttpException.404] exception 'CHttpException' with message 'Unable to resolve the request "favicon.ico".' in /var/www/panpan/fangte/framework/web/CWebApplication.php:281
Stack trace:
#0 /var/www/panpan/fangte/framework/web/CWebApplication.php(136): CWebApplication->runController('favicon.ico')
#1 /var/www/panpan/fangte/framework/base/CApplication.php(158): CWebApplication->processRequest()
#2 /var/www/panpan/fangte/index.php(15): CApplication->run()
#3 {main} REQUEST_URI=/favicon.ico
2012/07/13 17:32:58 [error] [exception.CHttpException.404] exception 'CHttpException' with message 'Unable to resolve the request "favicon.ico".' in /var/www/panpan/fangte/framework/web/CWebApplication.php:281
Stack trace:
#0 /var/www/panpan/fangte/framework/web/CWebApplication.php(136): CWebApplication->runController('favicon.ico')
#1 /var/www/panpan/fangte/framework/base/CApplication.php(158): CWebApplication->processRequest()
#2 /var/www/panpan/fangte/index.php(15): CApplication->run()
#3 {main} REQUEST_URI=/favicon.ico
2012/07/13 17:34:52 [error] [exception.CHttpException.404] exception 'CHttpException' with message 'Unable to resolve the request "favicon.ico".' in /var/www/panpan/fangte/framework/web/CWebApplication.php:281
Stack trace:
#0 /var/www/panpan/fangte/framework/web/CWebApplication.php(136): CWebApplication->runController('favicon.ico')
#1 /var/www/panpan/fangte/framework/base/CApplication.php(158): CWebApplication->processRequest()
#2 /var/www/panpan/fangte/index.php(15): CApplication->run()
#3 {main} REQUEST_URI=/favicon.ico
2012/07/13 17:36:54 [error] [exception.CHttpException.404] exception 'CHttpException' with message 'Unable to resolve the request "favicon.ico".' in /var/www/panpan/fangte/framework/web/CWebApplication.php:281
Stack trace:
#0 /var/www/panpan/fangte/framework/web/CWebApplication.php(136): CWebApplication->runController('favicon.ico')
#1 /var/www/panpan/fangte/framework/base/CApplication.php(158): CWebApplication->processRequest()
#2 /var/www/panpan/fangte/index.php(15): CApplication->run()
#3 {main} REQUEST_URI=/favicon.ico
2012/07/13 17:45:10 [error] [exception.CHttpException.404] exception 'CHttpException' with message 'Unable to resolve the request "favicon.ico".' in /var/www/panpan/fangte/framework/web/CWebApplication.php:281
Stack trace:
#0 /var/www/panpan/fangte/framework/web/CWebApplication.php(136): CWebApplication->runController('favicon.ico')
#1 /var/www/panpan/fangte/framework/base/CApplication.php(158): CWebApplication->processRequest()
#2 /var/www/panpan/fangte/index.php(15): CApplication->run()
#3 {main} REQUEST_URI=/favicon.ico
2012/07/13 17:45:12 [error] [exception.CHttpException.404] exception 'CHttpException' with message 'Unable to resolve the request "favicon.ico".' in /var/www/panpan/fangte/framework/web/CWebApplication.php:281
Stack trace:
#0 /var/www/panpan/fangte/framework/web/CWebApplication.php(136): CWebApplication->runController('favicon.ico')
#1 /var/www/panpan/fangte/framework/base/CApplication.php(158): CWebApplication->processRequest()
#2 /var/www/panpan/fangte/index.php(15): CApplication->run()
#3 {main} REQUEST_URI=/favicon.ico
2012/07/13 17:45:26 [error] [exception.CHttpException.404] exception 'CHttpException' with message 'Unable to resolve the request "admin/template/common/css/csshover3.htc".' in /var/www/panpan/fangte/framework/web/CWebApplication.php:281
Stack trace:
#0 /var/www/panpan/fangte/framework/web/CWebApplication.php(136): CWebApplication->runController('admin/template/...')
#1 /var/www/panpan/fangte/framework/base/CApplication.php(158): CWebApplication->processRequest()
#2 /var/www/panpan/fangte/index.php(15): CApplication->run()
#3 {main} REQUEST_URI=/admin/template/common/css/csshover3.htc
2012/07/13 17:45:26 [error] [exception.CHttpException.404] exception 'CHttpException' with message 'Unable to resolve the request "admin/template/common/css/csshover3.htc".' in /var/www/panpan/fangte/framework/web/CWebApplication.php:281
Stack trace:
#0 /var/www/panpan/fangte/framework/web/CWebApplication.php(136): CWebApplication->runController('admin/template/...')
#1 /var/www/panpan/fangte/framework/base/CApplication.php(158): CWebApplication->processRequest()
#2 /var/www/panpan/fangte/index.php(15): CApplication->run()
#3 {main} REQUEST_URI=/admin/template/common/css/csshover3.htc
2012/07/13 17:45:26 [error] [exception.CHttpException.404] exception 'CHttpException' with message 'Unable to resolve the request "admin/template/common/css/csshover3.htc".' in /var/www/panpan/fangte/framework/web/CWebApplication.php:281
Stack trace:
#0 /var/www/panpan/fangte/framework/web/CWebApplication.php(136): CWebApplication->runController('admin/template/...')
#1 /var/www/panpan/fangte/framework/base/CApplication.php(158): CWebApplication->processRequest()
#2 /var/www/panpan/fangte/index.php(15): CApplication->run()
#3 {main} REQUEST_URI=/admin/template/common/css/csshover3.htc
2012/07/13 17:45:38 [error] [exception.CHttpException.404] exception 'CHttpException' with message 'Unable to resolve the request "favicon.ico".' in /var/www/panpan/fangte/framework/web/CWebApplication.php:281
Stack trace:
#0 /var/www/panpan/fangte/framework/web/CWebApplication.php(136): CWebApplication->runController('favicon.ico')
#1 /var/www/panpan/fangte/framework/base/CApplication.php(158): CWebApplication->processRequest()
#2 /var/www/panpan/fangte/index.php(15): CApplication->run()
#3 {main} REQUEST_URI=/favicon.ico
2012/07/13 17:48:24 [error] [exception.CHttpException.404] exception 'CHttpException' with message 'Unable to resolve the request "favicon.ico".' in /var/www/panpan/fangte/framework/web/CWebApplication.php:281
Stack trace:
#0 /var/www/panpan/fangte/framework/web/CWebApplication.php(136): CWebApplication->runController('favicon.ico')
#1 /var/www/panpan/fangte/framework/base/CApplication.php(158): CWebApplication->processRequest()
#2 /var/www/panpan/fangte/index.php(15): CApplication->run()
#3 {main} REQUEST_URI=/favicon.ico
2012/07/13 17:48:27 [error] [exception.CHttpException.404] exception 'CHttpException' with message 'Unable to resolve the request "favicon.ico".' in /var/www/panpan/fangte/framework/web/CWebApplication.php:281
Stack trace:
#0 /var/www/panpan/fangte/framework/web/CWebApplication.php(136): CWebApplication->runController('favicon.ico')
#1 /var/www/panpan/fangte/framework/base/CApplication.php(158): CWebApplication->processRequest()
#2 /var/www/panpan/fangte/index.php(15): CApplication->run()
#3 {main} REQUEST_URI=/favicon.ico
2012/07/13 17:48:32 [error] [exception.CHttpException.404] exception 'CHttpException' with message 'Unable to resolve the request "favicon.ico".' in /var/www/panpan/fangte/framework/web/CWebApplication.php:281
Stack trace:
#0 /var/www/panpan/fangte/framework/web/CWebApplication.php(136): CWebApplication->runController('favicon.ico')
#1 /var/www/panpan/fangte/framework/base/CApplication.php(158): CWebApplication->processRequest()
#2 /var/www/panpan/fangte/index.php(15): CApplication->run()
#3 {main} REQUEST_URI=/favicon.ico
2012/07/13 17:48:35 [error] [exception.CHttpException.404] exception 'CHttpException' with message 'Unable to resolve the request "favicon.ico".' in /var/www/panpan/fangte/framework/web/CWebApplication.php:281
Stack trace:
#0 /var/www/panpan/fangte/framework/web/CWebApplication.php(136): CWebApplication->runController('favicon.ico')
#1 /var/www/panpan/fangte/framework/base/CApplication.php(158): CWebApplication->processRequest()
#2 /var/www/panpan/fangte/index.php(15): CApplication->run()
#3 {main} REQUEST_URI=/favicon.ico
2012/07/13 17:50:16 [error] [exception.CHttpException.404] exception 'CHttpException' with message 'Unable to resolve the request "favicon.ico".' in /var/www/panpan/fangte/framework/web/CWebApplication.php:281
Stack trace:
#0 /var/www/panpan/fangte/framework/web/CWebApplication.php(136): CWebApplication->runController('favicon.ico')
#1 /var/www/panpan/fangte/framework/base/CApplication.php(158): CWebApplication->processRequest()
#2 /var/www/panpan/fangte/index.php(15): CApplication->run()
#3 {main} REQUEST_URI=/favicon.ico
2012/07/13 17:50:52 [error] [exception.CHttpException.404] exception 'CHttpException' with message 'Unable to resolve the request "favicon.ico".' in /var/www/panpan/fangte/framework/web/CWebApplication.php:281
Stack trace:
#0 /var/www/panpan/fangte/framework/web/CWebApplication.php(136): CWebApplication->runController('favicon.ico')
#1 /var/www/panpan/fangte/framework/base/CApplication.php(158): CWebApplication->processRequest()
#2 /var/www/panpan/fangte/index.php(15): CApplication->run()
#3 {main} REQUEST_URI=/favicon.ico
2012/07/13 17:51:35 [error] [exception.CHttpException.404] exception 'CHttpException' with message 'Unable to resolve the request "favicon.ico".' in /var/www/panpan/fangte/framework/web/CWebApplication.php:281
Stack trace:
#0 /var/www/panpan/fangte/framework/web/CWebApplication.php(136): CWebApplication->runController('favicon.ico')
#1 /var/www/panpan/fangte/framework/base/CApplication.php(158): CWebApplication->processRequest()
#2 /var/www/panpan/fangte/index.php(15): CApplication->run()
#3 {main} REQUEST_URI=/favicon.ico
2012/07/13 17:52:21 [error] [exception.CHttpException.404] exception 'CHttpException' with message 'Unable to resolve the request "favicon.ico".' in /var/www/panpan/fangte/framework/web/CWebApplication.php:281
Stack trace:
#0 /var/www/panpan/fangte/framework/web/CWebApplication.php(136): CWebApplication->runController('favicon.ico')
#1 /var/www/panpan/fangte/framework/base/CApplication.php(158): CWebApplication->processRequest()
#2 /var/www/panpan/fangte/index.php(15): CApplication->run()
#3 {main} REQUEST_URI=/favicon.ico
2012/07/13 17:54:51 [error] [exception.CHttpException.404] exception 'CHttpException' with message 'Unable to resolve the request "favicon.ico".' in /var/www/panpan/fangte/framework/web/CWebApplication.php:281
Stack trace:
#0 /var/www/panpan/fangte/framework/web/CWebApplication.php(136): CWebApplication->runController('favicon.ico')
#1 /var/www/panpan/fangte/framework/base/CApplication.php(158): CWebApplication->processRequest()
#2 /var/www/panpan/fangte/index.php(15): CApplication->run()
#3 {main} REQUEST_URI=/favicon.ico
2012/07/13 17:54:54 [error] [exception.CHttpException.404] exception 'CHttpException' with message 'Unable to resolve the request "favicon.ico".' in /var/www/panpan/fangte/framework/web/CWebApplication.php:281
Stack trace:
#0 /var/www/panpan/fangte/framework/web/CWebApplication.php(136): CWebApplication->runController('favicon.ico')
#1 /var/www/panpan/fangte/framework/base/CApplication.php(158): CWebApplication->processRequest()
#2 /var/www/panpan/fangte/index.php(15): CApplication->run()
#3 {main} REQUEST_URI=/favicon.ico
2012/07/13 17:57:45 [error] [exception.CHttpException.404] exception 'CHttpException' with message 'Unable to resolve the request "admin/template/common/css/csshover3.htc".' in /var/www/panpan/fangte/framework/web/CWebApplication.php:281
Stack trace:
#0 /var/www/panpan/fangte/framework/web/CWebApplication.php(136): CWebApplication->runController('admin/template/...')
#1 /var/www/panpan/fangte/framework/base/CApplication.php(158): CWebApplication->processRequest()
#2 /var/www/panpan/fangte/index.php(15): CApplication->run()
#3 {main} REQUEST_URI=/admin/template/common/css/csshover3.htc
2012/07/13 18:10:41 [error] [exception.CHttpException.404] exception 'CHttpException' with message 'Unable to resolve the request "admin/template/common/css/csshover3.htc".' in /var/www/panpan/fangte/framework/web/CWebApplication.php:281
Stack trace:
#0 /var/www/panpan/fangte/framework/web/CWebApplication.php(136): CWebApplication->runController('admin/template/...')
#1 /var/www/panpan/fangte/framework/base/CApplication.php(158): CWebApplication->processRequest()
#2 /var/www/panpan/fangte/index.php(15): CApplication->run()
#3 {main} REQUEST_URI=/admin/template/common/css/csshover3.htc
2012/07/13 18:10:42 [error] [exception.CHttpException.404] exception 'CHttpException' with message 'Unable to resolve the request "admin/template/common/css/csshover3.htc".' in /var/www/panpan/fangte/framework/web/CWebApplication.php:281
Stack trace:
#0 /var/www/panpan/fangte/framework/web/CWebApplication.php(136): CWebApplication->runController('admin/template/...')
#1 /var/www/panpan/fangte/framework/base/CApplication.php(158): CWebApplication->processRequest()
#2 /var/www/panpan/fangte/index.php(15): CApplication->run()
#3 {main} REQUEST_URI=/admin/template/common/css/csshover3.htc
2012/07/13 18:10:43 [error] [exception.CHttpException.404] exception 'CHttpException' with message 'Unable to resolve the request "admin/template/common/css/csshover3.htc".' in /var/www/panpan/fangte/framework/web/CWebApplication.php:281
Stack trace:
#0 /var/www/panpan/fangte/framework/web/CWebApplication.php(136): CWebApplication->runController('admin/template/...')
#1 /var/www/panpan/fangte/framework/base/CApplication.php(158): CWebApplication->processRequest()
#2 /var/www/panpan/fangte/index.php(15): CApplication->run()
#3 {main} REQUEST_URI=/admin/template/common/css/csshover3.htc
2012/07/13 18:10:43 [error] [exception.CHttpException.404] exception 'CHttpException' with message 'Unable to resolve the request "admin/template/common/css/csshover3.htc".' in /var/www/panpan/fangte/framework/web/CWebApplication.php:281
Stack trace:
#0 /var/www/panpan/fangte/framework/web/CWebApplication.php(136): CWebApplication->runController('admin/template/...')
#1 /var/www/panpan/fangte/framework/base/CApplication.php(158): CWebApplication->processRequest()
#2 /var/www/panpan/fangte/index.php(15): CApplication->run()
#3 {main} REQUEST_URI=/admin/template/common/css/csshover3.htc
2012/07/13 18:11:07 [error] [exception.CHttpException.404] exception 'CHttpException' with message 'Unable to resolve the request "favicon.ico".' in /var/www/panpan/fangte/framework/web/CWebApplication.php:281
Stack trace:
#0 /var/www/panpan/fangte/framework/web/CWebApplication.php(136): CWebApplication->runController('favicon.ico')
#1 /var/www/panpan/fangte/framework/base/CApplication.php(158): CWebApplication->processRequest()
#2 /var/www/panpan/fangte/index.php(15): CApplication->run()
#3 {main} REQUEST_URI=/favicon.ico
2012/07/13 18:11:10 [error] [exception.CHttpException.404] exception 'CHttpException' with message 'Unable to resolve the request "favicon.ico".' in /var/www/panpan/fangte/framework/web/CWebApplication.php:281
Stack trace:
#0 /var/www/panpan/fangte/framework/web/CWebApplication.php(136): CWebApplication->runController('favicon.ico')
#1 /var/www/panpan/fangte/framework/base/CApplication.php(158): CWebApplication->processRequest()
#2 /var/www/panpan/fangte/index.php(15): CApplication->run()
#3 {main} REQUEST_URI=/favicon.ico
2012/07/13 18:11:13 [error] [exception.CHttpException.404] exception 'CHttpException' with message 'Unable to resolve the request "favicon.ico".' in /var/www/panpan/fangte/framework/web/CWebApplication.php:281
Stack trace:
#0 /var/www/panpan/fangte/framework/web/CWebApplication.php(136): CWebApplication->runController('favicon.ico')
#1 /var/www/panpan/fangte/framework/base/CApplication.php(158): CWebApplication->processRequest()
#2 /var/www/panpan/fangte/index.php(15): CApplication->run()
#3 {main} REQUEST_URI=/favicon.ico
2012/07/13 18:23:54 [error] [exception.CHttpException.404] exception 'CHttpException' with message 'Unable to resolve the request "favicon.ico".' in /var/www/panpan/fangte/framework/web/CWebApplication.php:281
Stack trace:
#0 /var/www/panpan/fangte/framework/web/CWebApplication.php(136): CWebApplication->runController('favicon.ico')
#1 /var/www/panpan/fangte/framework/base/CApplication.php(158): CWebApplication->processRequest()
#2 /var/www/panpan/fangte/index.php(15): CApplication->run()
#3 {main} REQUEST_URI=/favicon.ico
2012/07/13 18:27:33 [error] [exception.CHttpException.404] exception 'CHttpException' with message 'Unable to resolve the request "favicon.ico".' in /var/www/panpan/fangte/framework/web/CWebApplication.php:281
Stack trace:
#0 /var/www/panpan/fangte/framework/web/CWebApplication.php(136): CWebApplication->runController('favicon.ico')
#1 /var/www/panpan/fangte/framework/base/CApplication.php(158): CWebApplication->processRequest()
#2 /var/www/panpan/fangte/index.php(15): CApplication->run()
#3 {main} REQUEST_URI=/favicon.ico
2012/07/13 18:47:50 [error] [exception.CHttpException.404] exception 'CHttpException' with message 'Unable to resolve the request "favicon.ico".' in /var/www/panpan/fangte/framework/web/CWebApplication.php:281
Stack trace:
#0 /var/www/panpan/fangte/framework/web/CWebApplication.php(136): CWebApplication->runController('favicon.ico')
#1 /var/www/panpan/fangte/framework/base/CApplication.php(158): CWebApplication->processRequest()
#2 /var/www/panpan/fangte/index.php(15): CApplication->run()
#3 {main} REQUEST_URI=/favicon.ico
2012/07/13 18:47:54 [error] [exception.CHttpException.404] exception 'CHttpException' with message 'Unable to resolve the request "favicon.ico".' in /var/www/panpan/fangte/framework/web/CWebApplication.php:281
Stack trace:
#0 /var/www/panpan/fangte/framework/web/CWebApplication.php(136): CWebApplication->runController('favicon.ico')
#1 /var/www/panpan/fangte/framework/base/CApplication.php(158): CWebApplication->processRequest()
#2 /var/www/panpan/fangte/index.php(15): CApplication->run()
#3 {main} REQUEST_URI=/favicon.ico
2012/07/13 18:48:38 [error] [exception.CHttpException.404] exception 'CHttpException' with message 'Unable to resolve the request "favicon.ico".' in /var/www/panpan/fangte/framework/web/CWebApplication.php:281
Stack trace:
#0 /var/www/panpan/fangte/framework/web/CWebApplication.php(136): CWebApplication->runController('favicon.ico')
#1 /var/www/panpan/fangte/framework/base/CApplication.php(158): CWebApplication->processRequest()
#2 /var/www/panpan/fangte/index.php(15): CApplication->run()
#3 {main} REQUEST_URI=/favicon.ico
2012/07/13 19:04:49 [error] [exception.CHttpException.404] exception 'CHttpException' with message 'Unable to resolve the request "favicon.ico".' in /var/www/panpan/fangte/framework/web/CWebApplication.php:281
Stack trace:
#0 /var/www/panpan/fangte/framework/web/CWebApplication.php(136): CWebApplication->runController('favicon.ico')
#1 /var/www/panpan/fangte/framework/base/CApplication.php(158): CWebApplication->processRequest()
#2 /var/www/panpan/fangte/index.php(15): CApplication->run()
#3 {main} REQUEST_URI=/favicon.ico
2012/07/13 19:05:49 [error] [exception.CHttpException.404] exception 'CHttpException' with message 'Unable to resolve the request "favicon.ico".' in /var/www/panpan/fangte/framework/web/CWebApplication.php:281
Stack trace:
#0 /var/www/panpan/fangte/framework/web/CWebApplication.php(136): CWebApplication->runController('favicon.ico')
#1 /var/www/panpan/fangte/framework/base/CApplication.php(158): CWebApplication->processRequest()
#2 /var/www/panpan/fangte/index.php(15): CApplication->run()
#3 {main} REQUEST_URI=/favicon.ico
2012/07/13 19:05:51 [error] [exception.CHttpException.404] exception 'CHttpException' with message 'Unable to resolve the request "favicon.ico".' in /var/www/panpan/fangte/framework/web/CWebApplication.php:281
Stack trace:
#0 /var/www/panpan/fangte/framework/web/CWebApplication.php(136): CWebApplication->runController('favicon.ico')
#1 /var/www/panpan/fangte/framework/base/CApplication.php(158): CWebApplication->processRequest()
#2 /var/www/panpan/fangte/index.php(15): CApplication->run()
#3 {main} REQUEST_URI=/favicon.ico
2012/07/13 19:05:55 [error] [exception.CHttpException.404] exception 'CHttpException' with message 'Unable to resolve the request "admin/template/common/css/csshover3.htc".' in /var/www/panpan/fangte/framework/web/CWebApplication.php:281
Stack trace:
#0 /var/www/panpan/fangte/framework/web/CWebApplication.php(136): CWebApplication->runController('admin/template/...')
#1 /var/www/panpan/fangte/framework/base/CApplication.php(158): CWebApplication->processRequest()
#2 /var/www/panpan/fangte/index.php(15): CApplication->run()
#3 {main} REQUEST_URI=/admin/template/common/css/csshover3.htc
2012/07/13 19:05:55 [error] [exception.CHttpException.404] exception 'CHttpException' with message 'Unable to resolve the request "admin/template/common/css/csshover3.htc".' in /var/www/panpan/fangte/framework/web/CWebApplication.php:281
Stack trace:
#0 /var/www/panpan/fangte/framework/web/CWebApplication.php(136): CWebApplication->runController('admin/template/...')
#1 /var/www/panpan/fangte/framework/base/CApplication.php(158): CWebApplication->processRequest()
#2 /var/www/panpan/fangte/index.php(15): CApplication->run()
#3 {main} REQUEST_URI=/admin/template/common/css/csshover3.htc
2012/07/13 19:05:55 [error] [exception.CHttpException.404] exception 'CHttpException' with message 'Unable to resolve the request "admin/template/common/css/csshover3.htc".' in /var/www/panpan/fangte/framework/web/CWebApplication.php:281
Stack trace:
#0 /var/www/panpan/fangte/framework/web/CWebApplication.php(136): CWebApplication->runController('admin/template/...')
#1 /var/www/panpan/fangte/framework/base/CApplication.php(158): CWebApplication->processRequest()
#2 /var/www/panpan/fangte/index.php(15): CApplication->run()
#3 {main} REQUEST_URI=/admin/template/common/css/csshover3.htc
2012/07/13 19:05:56 [error] [exception.CHttpException.404] exception 'CHttpException' with message 'Unable to resolve the request "admin/template/common/css/csshover3.htc".' in /var/www/panpan/fangte/framework/web/CWebApplication.php:281
Stack trace:
#0 /var/www/panpan/fangte/framework/web/CWebApplication.php(136): CWebApplication->runController('admin/template/...')
#1 /var/www/panpan/fangte/framework/base/CApplication.php(158): CWebApplication->processRequest()
#2 /var/www/panpan/fangte/index.php(15): CApplication->run()
#3 {main} REQUEST_URI=/admin/template/common/css/csshover3.htc
2012/07/13 19:10:46 [error] [exception.CHttpException.404] exception 'CHttpException' with message 'Unable to resolve the request "favicon.ico".' in /var/www/panpan/fangte/framework/web/CWebApplication.php:281
Stack trace:
#0 /var/www/panpan/fangte/framework/web/CWebApplication.php(136): CWebApplication->runController('favicon.ico')
#1 /var/www/panpan/fangte/framework/base/CApplication.php(158): CWebApplication->processRequest()
#2 /var/www/panpan/fangte/index.php(15): CApplication->run()
#3 {main} REQUEST_URI=/favicon.ico
2012/07/13 19:13:43 [error] [exception.CHttpException.404] exception 'CHttpException' with message 'Unable to resolve the request "admin/template/common/css/csshover3.htc".' in /var/www/panpan/fangte/framework/web/CWebApplication.php:281
Stack trace:
#0 /var/www/panpan/fangte/framework/web/CWebApplication.php(136): CWebApplication->runController('admin/template/...')
#1 /var/www/panpan/fangte/framework/base/CApplication.php(158): CWebApplication->processRequest()
#2 /var/www/panpan/fangte/index.php(15): CApplication->run()
#3 {main} REQUEST_URI=/admin/template/common/css/csshover3.htc
2012/07/13 19:14:37 [error] [exception.CHttpException.404] exception 'CHttpException' with message 'The system is unable to find the requested action "css".' in /var/www/panpan/fangte/framework/web/CController.php:477
Stack trace:
#0 /var/www/panpan/fangte/framework/web/CController.php(262): CController->missingAction('css')
#1 /var/www/panpan/fangte/framework/web/CWebApplication.php(277): CController->run('css')
#2 /var/www/panpan/fangte/framework/web/CWebApplication.php(136): CWebApplication->runController('admin/news/css/...')
#3 /var/www/panpan/fangte/framework/base/CApplication.php(158): CWebApplication->processRequest()
#4 /var/www/panpan/fangte/index.php(15): CApplication->run()
#5 {main} REQUEST_URI=/admin/news/css/regis.css
2012/07/13 19:14:40 [error] [exception.CHttpException.404] exception 'CHttpException' with message 'Unable to resolve the request "admin/template/common/css/csshover3.htc".' in /var/www/panpan/fangte/framework/web/CWebApplication.php:281
Stack trace:
#0 /var/www/panpan/fangte/framework/web/CWebApplication.php(136): CWebApplication->runController('admin/template/...')
#1 /var/www/panpan/fangte/framework/base/CApplication.php(158): CWebApplication->processRequest()
#2 /var/www/panpan/fangte/index.php(15): CApplication->run()
#3 {main} REQUEST_URI=/admin/template/common/css/csshover3.htc
2012/07/13 19:18:03 [error] [exception.CHttpException.404] exception 'CHttpException' with message 'Unable to resolve the request "favicon.ico".' in /var/www/panpan/fangte/framework/web/CWebApplication.php:281
Stack trace:
#0 /var/www/panpan/fangte/framework/web/CWebApplication.php(136): CWebApplication->runController('favicon.ico')
#1 /var/www/panpan/fangte/framework/base/CApplication.php(158): CWebApplication->processRequest()
#2 /var/www/panpan/fangte/index.php(15): CApplication->run()
#3 {main} REQUEST_URI=/favicon.ico
2012/07/13 19:20:00 [error] [exception.CHttpException.404] exception 'CHttpException' with message 'Unable to resolve the request "favicon.ico".' in /var/www/panpan/fangte/framework/web/CWebApplication.php:281
Stack trace:
#0 /var/www/panpan/fangte/framework/web/CWebApplication.php(136): CWebApplication->runController('favicon.ico')
#1 /var/www/panpan/fangte/framework/base/CApplication.php(158): CWebApplication->processRequest()
#2 /var/www/panpan/fangte/index.php(15): CApplication->run()
#3 {main} REQUEST_URI=/favicon.ico
2012/07/13 19:20:50 [error] [exception.CHttpException.404] exception 'CHttpException' with message 'Unable to resolve the request "favicon.ico".' in /var/www/panpan/fangte/framework/web/CWebApplication.php:281
Stack trace:
#0 /var/www/panpan/fangte/framework/web/CWebApplication.php(136): CWebApplication->runController('favicon.ico')
#1 /var/www/panpan/fangte/framework/base/CApplication.php(158): CWebApplication->processRequest()
#2 /var/www/panpan/fangte/index.php(15): CApplication->run()
#3 {main} REQUEST_URI=/favicon.ico
2012/07/13 19:50:16 [error] [exception.CHttpException.404] exception 'CHttpException' with message 'Unable to resolve the request "favicon.ico".' in /var/www/panpan/fangte/framework/web/CWebApplication.php:281
Stack trace:
#0 /var/www/panpan/fangte/framework/web/CWebApplication.php(136): CWebApplication->runController('favicon.ico')
#1 /var/www/panpan/fangte/framework/base/CApplication.php(158): CWebApplication->processRequest()
#2 /var/www/panpan/fangte/index.php(15): CApplication->run()
#3 {main} REQUEST_URI=/favicon.ico
2012/07/13 19:50:19 [error] [exception.CHttpException.404] exception 'CHttpException' with message 'Unable to resolve the request "favicon.ico".' in /var/www/panpan/fangte/framework/web/CWebApplication.php:281
Stack trace:
#0 /var/www/panpan/fangte/framework/web/CWebApplication.php(136): CWebApplication->runController('favicon.ico')
#1 /var/www/panpan/fangte/framework/base/CApplication.php(158): CWebApplication->processRequest()
#2 /var/www/panpan/fangte/index.php(15): CApplication->run()
#3 {main} REQUEST_URI=/favicon.ico
2012/07/13 19:51:49 [error] [exception.CHttpException.404] exception 'CHttpException' with message 'Unable to resolve the request "favicon.ico".' in /var/www/panpan/fangte/framework/web/CWebApplication.php:281
Stack trace:
#0 /var/www/panpan/fangte/framework/web/CWebApplication.php(136): CWebApplication->runController('favicon.ico')
#1 /var/www/panpan/fangte/framework/base/CApplication.php(158): CWebApplication->processRequest()
#2 /var/www/panpan/fangte/index.php(15): CApplication->run()
#3 {main} REQUEST_URI=/favicon.ico
2012/07/13 19:51:50 [error] [exception.CHttpException.404] exception 'CHttpException' with message 'Unable to resolve the request "favicon.ico".' in /var/www/panpan/fangte/framework/web/CWebApplication.php:281
Stack trace:
#0 /var/www/panpan/fangte/framework/web/CWebApplication.php(136): CWebApplication->runController('favicon.ico')
#1 /var/www/panpan/fangte/framework/base/CApplication.php(158): CWebApplication->processRequest()
#2 /var/www/panpan/fangte/index.php(15): CApplication->run()
#3 {main} REQUEST_URI=/favicon.ico
2012/07/13 19:51:50 [error] [exception.CHttpException.404] exception 'CHttpException' with message 'Unable to resolve the request "favicon.ico".' in /var/www/panpan/fangte/framework/web/CWebApplication.php:281
Stack trace:
#0 /var/www/panpan/fangte/framework/web/CWebApplication.php(136): CWebApplication->runController('favicon.ico')
#1 /var/www/panpan/fangte/framework/base/CApplication.php(158): CWebApplication->processRequest()
#2 /var/www/panpan/fangte/index.php(15): CApplication->run()
#3 {main} REQUEST_URI=/favicon.ico
2012/07/13 19:51:51 [error] [exception.CHttpException.404] exception 'CHttpException' with message 'Unable to resolve the request "favicon.ico".' in /var/www/panpan/fangte/framework/web/CWebApplication.php:281
Stack trace:
#0 /var/www/panpan/fangte/framework/web/CWebApplication.php(136): CWebApplication->runController('favicon.ico')
#1 /var/www/panpan/fangte/framework/base/CApplication.php(158): CWebApplication->processRequest()
#2 /var/www/panpan/fangte/index.php(15): CApplication->run()
#3 {main} REQUEST_URI=/favicon.ico
2012/07/13 19:51:56 [error] [exception.CHttpException.404] exception 'CHttpException' with message 'Unable to resolve the request "favicon.ico".' in /var/www/panpan/fangte/framework/web/CWebApplication.php:281
Stack trace:
#0 /var/www/panpan/fangte/framework/web/CWebApplication.php(136): CWebApplication->runController('favicon.ico')
#1 /var/www/panpan/fangte/framework/base/CApplication.php(158): CWebApplication->processRequest()
#2 /var/www/panpan/fangte/index.php(15): CApplication->run()
#3 {main} REQUEST_URI=/favicon.ico
2012/07/13 19:51:57 [error] [exception.CHttpException.404] exception 'CHttpException' with message 'Unable to resolve the request "favicon.ico".' in /var/www/panpan/fangte/framework/web/CWebApplication.php:281
Stack trace:
#0 /var/www/panpan/fangte/framework/web/CWebApplication.php(136): CWebApplication->runController('favicon.ico')
#1 /var/www/panpan/fangte/framework/base/CApplication.php(158): CWebApplication->processRequest()
#2 /var/www/panpan/fangte/index.php(15): CApplication->run()
#3 {main} REQUEST_URI=/favicon.ico
2012/07/13 19:51:57 [error] [exception.CHttpException.404] exception 'CHttpException' with message 'Unable to resolve the request "favicon.ico".' in /var/www/panpan/fangte/framework/web/CWebApplication.php:281
Stack trace:
#0 /var/www/panpan/fangte/framework/web/CWebApplication.php(136): CWebApplication->runController('favicon.ico')
#1 /var/www/panpan/fangte/framework/base/CApplication.php(158): CWebApplication->processRequest()
#2 /var/www/panpan/fangte/index.php(15): CApplication->run()
#3 {main} REQUEST_URI=/favicon.ico
2012/07/13 19:51:57 [error] [exception.CHttpException.404] exception 'CHttpException' with message 'Unable to resolve the request "favicon.ico".' in /var/www/panpan/fangte/framework/web/CWebApplication.php:281
Stack trace:
#0 /var/www/panpan/fangte/framework/web/CWebApplication.php(136): CWebApplication->runController('favicon.ico')
#1 /var/www/panpan/fangte/framework/base/CApplication.php(158): CWebApplication->processRequest()
#2 /var/www/panpan/fangte/index.php(15): CApplication->run()
#3 {main} REQUEST_URI=/favicon.ico
2012/07/13 19:57:02 [error] [exception.CHttpException.404] exception 'CHttpException' with message 'Unable to resolve the request "favicon.ico".' in /var/www/panpan/fangte/framework/web/CWebApplication.php:281
Stack trace:
#0 /var/www/panpan/fangte/framework/web/CWebApplication.php(136): CWebApplication->runController('favicon.ico')
#1 /var/www/panpan/fangte/framework/base/CApplication.php(158): CWebApplication->processRequest()
#2 /var/www/panpan/fangte/index.php(15): CApplication->run()
#3 {main} REQUEST_URI=/favicon.ico
2012/07/13 19:57:54 [error] [exception.CHttpException.404] exception 'CHttpException' with message 'Unable to resolve the request "favicon.ico".' in /var/www/panpan/fangte/framework/web/CWebApplication.php:281
Stack trace:
#0 /var/www/panpan/fangte/framework/web/CWebApplication.php(136): CWebApplication->runController('favicon.ico')
#1 /var/www/panpan/fangte/framework/base/CApplication.php(158): CWebApplication->processRequest()
#2 /var/www/panpan/fangte/index.php(15): CApplication->run()
#3 {main} REQUEST_URI=/favicon.ico
2012/07/13 19:58:15 [error] [exception.CHttpException.404] exception 'CHttpException' with message 'Unable to resolve the request "favicon.ico".' in /var/www/panpan/fangte/framework/web/CWebApplication.php:281
Stack trace:
#0 /var/www/panpan/fangte/framework/web/CWebApplication.php(136): CWebApplication->runController('favicon.ico')
#1 /var/www/panpan/fangte/framework/base/CApplication.php(158): CWebApplication->processRequest()
#2 /var/www/panpan/fangte/index.php(15): CApplication->run()
#3 {main} REQUEST_URI=/favicon.ico
2012/07/13 19:58:50 [error] [exception.CHttpException.404] exception 'CHttpException' with message 'Unable to resolve the request "favicon.ico".' in /var/www/panpan/fangte/framework/web/CWebApplication.php:281
Stack trace:
#0 /var/www/panpan/fangte/framework/web/CWebApplication.php(136): CWebApplication->runController('favicon.ico')
#1 /var/www/panpan/fangte/framework/base/CApplication.php(158): CWebApplication->processRequest()
#2 /var/www/panpan/fangte/index.php(15): CApplication->run()
#3 {main} REQUEST_URI=/favicon.ico
2012/07/13 20:02:27 [error] [exception.CHttpException.404] exception 'CHttpException' with message 'Unable to resolve the request "favicon.ico".' in /var/www/panpan/fangte/framework/web/CWebApplication.php:281
Stack trace:
#0 /var/www/panpan/fangte/framework/web/CWebApplication.php(136): CWebApplication->runController('favicon.ico')
#1 /var/www/panpan/fangte/framework/base/CApplication.php(158): CWebApplication->processRequest()
#2 /var/www/panpan/fangte/index.php(15): CApplication->run()
#3 {main} REQUEST_URI=/favicon.ico
2012/07/13 20:02:30 [error] [exception.CHttpException.404] exception 'CHttpException' with message 'Unable to resolve the request "favicon.ico".' in /var/www/panpan/fangte/framework/web/CWebApplication.php:281
Stack trace:
#0 /var/www/panpan/fangte/framework/web/CWebApplication.php(136): CWebApplication->runController('favicon.ico')
#1 /var/www/panpan/fangte/framework/base/CApplication.php(158): CWebApplication->processRequest()
#2 /var/www/panpan/fangte/index.php(15): CApplication->run()
#3 {main} REQUEST_URI=/favicon.ico
2012/07/13 20:03:04 [error] [exception.CHttpException.404] exception 'CHttpException' with message 'Unable to resolve the request "favicon.ico".' in /var/www/panpan/fangte/framework/web/CWebApplication.php:281
Stack trace:
#0 /var/www/panpan/fangte/framework/web/CWebApplication.php(136): CWebApplication->runController('favicon.ico')
#1 /var/www/panpan/fangte/framework/base/CApplication.php(158): CWebApplication->processRequest()
#2 /var/www/panpan/fangte/index.php(15): CApplication->run()
#3 {main} REQUEST_URI=/favicon.ico
2012/07/13 20:08:08 [error] [exception.CHttpException.404] exception 'CHttpException' with message 'Unable to resolve the request "favicon.ico".' in /var/www/panpan/fangte/framework/web/CWebApplication.php:281
Stack trace:
#0 /var/www/panpan/fangte/framework/web/CWebApplication.php(136): CWebApplication->runController('favicon.ico')
#1 /var/www/panpan/fangte/framework/base/CApplication.php(158): CWebApplication->processRequest()
#2 /var/www/panpan/fangte/index.php(15): CApplication->run()
#3 {main} REQUEST_URI=/favicon.ico
2012/07/13 20:13:15 [error] [exception.CHttpException.404] exception 'CHttpException' with message 'Unable to resolve the request "favicon.ico".' in /var/www/panpan/fangte/framework/web/CWebApplication.php:281
Stack trace:
#0 /var/www/panpan/fangte/framework/web/CWebApplication.php(136): CWebApplication->runController('favicon.ico')
#1 /var/www/panpan/fangte/framework/base/CApplication.php(158): CWebApplication->processRequest()
#2 /var/www/panpan/fangte/index.php(15): CApplication->run()
#3 {main} REQUEST_URI=/favicon.ico
2012/07/13 20:14:05 [error] [exception.CHttpException.404] exception 'CHttpException' with message 'Unable to resolve the request "favicon.ico".' in /var/www/panpan/fangte/framework/web/CWebApplication.php:281
Stack trace:
#0 /var/www/panpan/fangte/framework/web/CWebApplication.php(136): CWebApplication->runController('favicon.ico')
#1 /var/www/panpan/fangte/framework/base/CApplication.php(158): CWebApplication->processRequest()
#2 /var/www/panpan/fangte/index.php(15): CApplication->run()
#3 {main} REQUEST_URI=/favicon.ico
2012/07/13 20:15:00 [error] [exception.CHttpException.404] exception 'CHttpException' with message 'Unable to resolve the request "favicon.ico".' in /var/www/panpan/fangte/framework/web/CWebApplication.php:281
Stack trace:
#0 /var/www/panpan/fangte/framework/web/CWebApplication.php(136): CWebApplication->runController('favicon.ico')
#1 /var/www/panpan/fangte/framework/base/CApplication.php(158): CWebApplication->processRequest()
#2 /var/www/panpan/fangte/index.php(15): CApplication->run()
#3 {main} REQUEST_URI=/favicon.ico
2012/07/13 20:22:16 [error] [exception.CHttpException.404] exception 'CHttpException' with message 'Unable to resolve the request "favicon.ico".' in /var/www/panpan/fangte/framework/web/CWebApplication.php:281
Stack trace:
#0 /var/www/panpan/fangte/framework/web/CWebApplication.php(136): CWebApplication->runController('favicon.ico')
#1 /var/www/panpan/fangte/framework/base/CApplication.php(158): CWebApplication->processRequest()
#2 /var/www/panpan/fangte/index.php(15): CApplication->run()
#3 {main} REQUEST_URI=/favicon.ico
2012/07/13 20:37:06 [error] [exception.CHttpException.404] exception 'CHttpException' with message 'Unable to resolve the request "favicon.ico".' in /var/www/panpan/fangte/framework/web/CWebApplication.php:281
Stack trace:
#0 /var/www/panpan/fangte/framework/web/CWebApplication.php(136): CWebApplication->runController('favicon.ico')
#1 /var/www/panpan/fangte/framework/base/CApplication.php(158): CWebApplication->processRequest()
#2 /var/www/panpan/fangte/index.php(15): CApplication->run()
#3 {main} REQUEST_URI=/favicon.ico
2012/07/13 20:37:09 [error] [exception.CHttpException.404] exception 'CHttpException' with message 'Unable to resolve the request "public/v4/common/ress/css/green.css".' in /var/www/panpan/fangte/framework/web/CWebApplication.php:281
Stack trace:
#0 /var/www/panpan/fangte/framework/web/CWebApplication.php(136): CWebApplication->runController('public/v4/commo...')
#1 /var/www/panpan/fangte/framework/base/CApplication.php(158): CWebApplication->processRequest()
#2 /var/www/panpan/fangte/index.php(15): CApplication->run()
#3 {main} REQUEST_URI=/public/v4/common/ress/css/green.css
2012/07/13 20:57:09 [error] [exception.CHttpException.404] exception 'CHttpException' with message 'Unable to resolve the request "favicon.ico".' in /var/www/panpan/fangte/framework/web/CWebApplication.php:281
Stack trace:
#0 /var/www/panpan/fangte/framework/web/CWebApplication.php(136): CWebApplication->runController('favicon.ico')
#1 /var/www/panpan/fangte/framework/base/CApplication.php(158): CWebApplication->processRequest()
#2 /var/www/panpan/fangte/index.php(15): CApplication->run()
#3 {main} REQUEST_URI=/favicon.ico
2012/07/13 20:57:24 [error] [exception.CHttpException.404] exception 'CHttpException' with message 'Unable to resolve the request "favicon.ico".' in /var/www/panpan/fangte/framework/web/CWebApplication.php:281
Stack trace:
#0 /var/www/panpan/fangte/framework/web/CWebApplication.php(136): CWebApplication->runController('favicon.ico')
#1 /var/www/panpan/fangte/framework/base/CApplication.php(158): CWebApplication->processRequest()
#2 /var/www/panpan/fangte/index.php(15): CApplication->run()
#3 {main} REQUEST_URI=/favicon.ico
2012/07/13 21:06:58 [error] [exception.CHttpException.404] exception 'CHttpException' with message 'Unable to resolve the request "favicon.ico".' in /var/www/panpan/fangte/framework/web/CWebApplication.php:281
Stack trace:
#0 /var/www/panpan/fangte/framework/web/CWebApplication.php(136): CWebApplication->runController('favicon.ico')
#1 /var/www/panpan/fangte/framework/base/CApplication.php(158): CWebApplication->processRequest()
#2 /var/www/panpan/fangte/index.php(15): CApplication->run()
#3 {main} REQUEST_URI=/favicon.ico
2012/07/13 21:07:01 [error] [exception.CHttpException.404] exception 'CHttpException' with message 'Unable to resolve the request "favicon.ico".' in /var/www/panpan/fangte/framework/web/CWebApplication.php:281
Stack trace:
#0 /var/www/panpan/fangte/framework/web/CWebApplication.php(136): CWebApplication->runController('favicon.ico')
#1 /var/www/panpan/fangte/framework/base/CApplication.php(158): CWebApplication->processRequest()
#2 /var/www/panpan/fangte/index.php(15): CApplication->run()
#3 {main} REQUEST_URI=/favicon.ico
2012/07/13 21:10:02 [error] [exception.CHttpException.404] exception 'CHttpException' with message 'Unable to resolve the request "favicon.ico".' in /var/www/panpan/fangte/framework/web/CWebApplication.php:281
Stack trace:
#0 /var/www/panpan/fangte/framework/web/CWebApplication.php(136): CWebApplication->runController('favicon.ico')
#1 /var/www/panpan/fangte/framework/base/CApplication.php(158): CWebApplication->processRequest()
#2 /var/www/panpan/fangte/index.php(15): CApplication->run()
#3 {main} REQUEST_URI=/favicon.ico
2012/07/13 21:16:26 [error] [exception.CHttpException.404] exception 'CHttpException' with message 'Unable to resolve the request "favicon.ico".' in /var/www/panpan/fangte/framework/web/CWebApplication.php:281
Stack trace:
#0 /var/www/panpan/fangte/framework/web/CWebApplication.php(136): CWebApplication->runController('favicon.ico')
#1 /var/www/panpan/fangte/framework/base/CApplication.php(158): CWebApplication->processRequest()
#2 /var/www/panpan/fangte/index.php(15): CApplication->run()
#3 {main} REQUEST_URI=/favicon.ico
2012/07/13 21:16:28 [error] [exception.CHttpException.404] exception 'CHttpException' with message 'Unable to resolve the request "favicon.ico".' in /var/www/panpan/fangte/framework/web/CWebApplication.php:281
Stack trace:
#0 /var/www/panpan/fangte/framework/web/CWebApplication.php(136): CWebApplication->runController('favicon.ico')
#1 /var/www/panpan/fangte/framework/base/CApplication.php(158): CWebApplication->processRequest()
#2 /var/www/panpan/fangte/index.php(15): CApplication->run()
#3 {main} REQUEST_URI=/favicon.ico
2012/07/13 21:17:45 [error] [exception.CHttpException.404] exception 'CHttpException' with message 'Unable to resolve the request "favicon.ico".' in /var/www/panpan/fangte/framework/web/CWebApplication.php:281
Stack trace:
#0 /var/www/panpan/fangte/framework/web/CWebApplication.php(136): CWebApplication->runController('favicon.ico')
#1 /var/www/panpan/fangte/framework/base/CApplication.php(158): CWebApplication->processRequest()
#2 /var/www/panpan/fangte/index.php(15): CApplication->run()
#3 {main} REQUEST_URI=/favicon.ico
2012/07/13 21:17:48 [error] [exception.CHttpException.404] exception 'CHttpException' with message 'Unable to resolve the request "favicon.ico".' in /var/www/panpan/fangte/framework/web/CWebApplication.php:281
Stack trace:
#0 /var/www/panpan/fangte/framework/web/CWebApplication.php(136): CWebApplication->runController('favicon.ico')
#1 /var/www/panpan/fangte/framework/base/CApplication.php(158): CWebApplication->processRequest()
#2 /var/www/panpan/fangte/index.php(15): CApplication->run()
#3 {main} REQUEST_URI=/favicon.ico
2012/07/13 21:17:56 [error] [exception.CHttpException.404] exception 'CHttpException' with message 'Unable to resolve the request "favicon.ico".' in /var/www/panpan/fangte/framework/web/CWebApplication.php:281
Stack trace:
#0 /var/www/panpan/fangte/framework/web/CWebApplication.php(136): CWebApplication->runController('favicon.ico')
#1 /var/www/panpan/fangte/framework/base/CApplication.php(158): CWebApplication->processRequest()
#2 /var/www/panpan/fangte/index.php(15): CApplication->run()
#3 {main} REQUEST_URI=/favicon.ico
2012/07/13 21:27:12 [error] [exception.CHttpException.404] exception 'CHttpException' with message 'Unable to resolve the request "favicon.ico".' in /var/www/panpan/fangte/framework/web/CWebApplication.php:281
Stack trace:
#0 /var/www/panpan/fangte/framework/web/CWebApplication.php(136): CWebApplication->runController('favicon.ico')
#1 /var/www/panpan/fangte/framework/base/CApplication.php(158): CWebApplication->processRequest()
#2 /var/www/panpan/fangte/index.php(15): CApplication->run()
#3 {main} REQUEST_URI=/favicon.ico
2012/07/13 21:27:57 [error] [exception.CHttpException.404] exception 'CHttpException' with message 'Unable to resolve the request "favicon.ico".' in /var/www/panpan/fangte/framework/web/CWebApplication.php:281
Stack trace:
#0 /var/www/panpan/fangte/framework/web/CWebApplication.php(136): CWebApplication->runController('favicon.ico')
#1 /var/www/panpan/fangte/framework/base/CApplication.php(158): CWebApplication->processRequest()
#2 /var/www/panpan/fangte/index.php(15): CApplication->run()
#3 {main} REQUEST_URI=/favicon.ico
2012/07/13 21:29:34 [error] [exception.CHttpException.404] exception 'CHttpException' with message 'Unable to resolve the request "favicon.ico".' in /var/www/panpan/fangte/framework/web/CWebApplication.php:281
Stack trace:
#0 /var/www/panpan/fangte/framework/web/CWebApplication.php(136): CWebApplication->runController('favicon.ico')
#1 /var/www/panpan/fangte/framework/base/CApplication.php(158): CWebApplication->processRequest()
#2 /var/www/panpan/fangte/index.php(15): CApplication->run()
#3 {main} REQUEST_URI=/favicon.ico
2012/07/13 21:30:55 [error] [exception.CHttpException.404] exception 'CHttpException' with message 'Unable to resolve the request "favicon.ico".' in /var/www/panpan/fangte/framework/web/CWebApplication.php:281
Stack trace:
#0 /var/www/panpan/fangte/framework/web/CWebApplication.php(136): CWebApplication->runController('favicon.ico')
#1 /var/www/panpan/fangte/framework/base/CApplication.php(158): CWebApplication->processRequest()
#2 /var/www/panpan/fangte/index.php(15): CApplication->run()
#3 {main} REQUEST_URI=/favicon.ico
2012/07/13 21:40:44 [error] [exception.CHttpException.404] exception 'CHttpException' with message 'Unable to resolve the request "favicon.ico".' in /var/www/panpan/fangte/framework/web/CWebApplication.php:281
Stack trace:
#0 /var/www/panpan/fangte/framework/web/CWebApplication.php(136): CWebApplication->runController('favicon.ico')
#1 /var/www/panpan/fangte/framework/base/CApplication.php(158): CWebApplication->processRequest()
#2 /var/www/panpan/fangte/index.php(15): CApplication->run()
#3 {main} REQUEST_URI=/favicon.ico
2012/07/13 21:40:48 [error] [exception.CHttpException.404] exception 'CHttpException' with message 'Unable to resolve the request "favicon.ico".' in /var/www/panpan/fangte/framework/web/CWebApplication.php:281
Stack trace:
#0 /var/www/panpan/fangte/framework/web/CWebApplication.php(136): CWebApplication->runController('favicon.ico')
#1 /var/www/panpan/fangte/framework/base/CApplication.php(158): CWebApplication->processRequest()
#2 /var/www/panpan/fangte/index.php(15): CApplication->run()
#3 {main} REQUEST_URI=/favicon.ico
2012/07/13 21:41:33 [error] [exception.CHttpException.404] exception 'CHttpException' with message 'Unable to resolve the request "favicon.ico".' in /var/www/panpan/fangte/framework/web/CWebApplication.php:281
Stack trace:
#0 /var/www/panpan/fangte/framework/web/CWebApplication.php(136): CWebApplication->runController('favicon.ico')
#1 /var/www/panpan/fangte/framework/base/CApplication.php(158): CWebApplication->processRequest()
#2 /var/www/panpan/fangte/index.php(15): CApplication->run()
#3 {main} REQUEST_URI=/favicon.ico
2012/07/13 21:43:28 [error] [exception.CHttpException.404] exception 'CHttpException' with message 'Unable to resolve the request "favicon.ico".' in /var/www/panpan/fangte/framework/web/CWebApplication.php:281
Stack trace:
#0 /var/www/panpan/fangte/framework/web/CWebApplication.php(136): CWebApplication->runController('favicon.ico')
#1 /var/www/panpan/fangte/framework/base/CApplication.php(158): CWebApplication->processRequest()
#2 /var/www/panpan/fangte/index.php(15): CApplication->run()
#3 {main} REQUEST_URI=/favicon.ico
2012/07/13 21:44:52 [error] [exception.CHttpException.404] exception 'CHttpException' with message 'Unable to resolve the request "favicon.ico".' in /var/www/panpan/fangte/framework/web/CWebApplication.php:281
Stack trace:
#0 /var/www/panpan/fangte/framework/web/CWebApplication.php(136): CWebApplication->runController('favicon.ico')
#1 /var/www/panpan/fangte/framework/base/CApplication.php(158): CWebApplication->processRequest()
#2 /var/www/panpan/fangte/index.php(15): CApplication->run()
#3 {main} REQUEST_URI=/favicon.ico
2012/07/13 21:44:55 [error] [exception.CHttpException.404] exception 'CHttpException' with message 'Unable to resolve the request "favicon.ico".' in /var/www/panpan/fangte/framework/web/CWebApplication.php:281
Stack trace:
#0 /var/www/panpan/fangte/framework/web/CWebApplication.php(136): CWebApplication->runController('favicon.ico')
#1 /var/www/panpan/fangte/framework/base/CApplication.php(158): CWebApplication->processRequest()
#2 /var/www/panpan/fangte/index.php(15): CApplication->run()
#3 {main} REQUEST_URI=/favicon.ico
2012/07/13 21:45:51 [error] [exception.CHttpException.404] exception 'CHttpException' with message 'Unable to resolve the request "favicon.ico".' in /var/www/panpan/fangte/framework/web/CWebApplication.php:281
Stack trace:
#0 /var/www/panpan/fangte/framework/web/CWebApplication.php(136): CWebApplication->runController('favicon.ico')
#1 /var/www/panpan/fangte/framework/base/CApplication.php(158): CWebApplication->processRequest()
#2 /var/www/panpan/fangte/index.php(15): CApplication->run()
#3 {main} REQUEST_URI=/favicon.ico
2012/07/13 22:13:33 [error] [exception.CHttpException.404] exception 'CHttpException' with message 'Unable to resolve the request "favicon.ico".' in /var/www/panpan/fangte/framework/web/CWebApplication.php:281
Stack trace:
#0 /var/www/panpan/fangte/framework/web/CWebApplication.php(136): CWebApplication->runController('favicon.ico')
#1 /var/www/panpan/fangte/framework/base/CApplication.php(158): CWebApplication->processRequest()
#2 /var/www/panpan/fangte/index.php(15): CApplication->run()
#3 {main} REQUEST_URI=/favicon.ico
2012/07/13 22:14:47 [error] [exception.CHttpException.404] exception 'CHttpException' with message 'Unable to resolve the request "favicon.ico".' in /var/www/panpan/fangte/framework/web/CWebApplication.php:281
Stack trace:
#0 /var/www/panpan/fangte/framework/web/CWebApplication.php(136): CWebApplication->runController('favicon.ico')
#1 /var/www/panpan/fangte/framework/base/CApplication.php(158): CWebApplication->processRequest()
#2 /var/www/panpan/fangte/index.php(15): CApplication->run()
#3 {main} REQUEST_URI=/favicon.ico
2012/07/13 22:18:12 [error] [exception.CHttpException.404] exception 'CHttpException' with message 'Unable to resolve the request "favicon.ico".' in /var/www/panpan/fangte/framework/web/CWebApplication.php:281
Stack trace:
#0 /var/www/panpan/fangte/framework/web/CWebApplication.php(136): CWebApplication->runController('favicon.ico')
#1 /var/www/panpan/fangte/framework/base/CApplication.php(158): CWebApplication->processRequest()
#2 /var/www/panpan/fangte/index.php(15): CApplication->run()
#3 {main} REQUEST_URI=/favicon.ico
2012/07/13 22:18:15 [error] [exception.CHttpException.404] exception 'CHttpException' with message 'Unable to resolve the request "favicon.ico".' in /var/www/panpan/fangte/framework/web/CWebApplication.php:281
Stack trace:
#0 /var/www/panpan/fangte/framework/web/CWebApplication.php(136): CWebApplication->runController('favicon.ico')
#1 /var/www/panpan/fangte/framework/base/CApplication.php(158): CWebApplication->processRequest()
#2 /var/www/panpan/fangte/index.php(15): CApplication->run()
#3 {main} REQUEST_URI=/favicon.ico
2012/07/13 22:19:26 [error] [exception.CHttpException.404] exception 'CHttpException' with message 'Unable to resolve the request "favicon.ico".' in /var/www/panpan/fangte/framework/web/CWebApplication.php:281
Stack trace:
#0 /var/www/panpan/fangte/framework/web/CWebApplication.php(136): CWebApplication->runController('favicon.ico')
#1 /var/www/panpan/fangte/framework/base/CApplication.php(158): CWebApplication->processRequest()
#2 /var/www/panpan/fangte/index.php(15): CApplication->run()
#3 {main} REQUEST_URI=/favicon.ico
2012/07/13 22:30:01 [error] [exception.CHttpException.404] exception 'CHttpException' with message 'Unable to resolve the request "favicon.ico".' in /var/www/panpan/fangte/framework/web/CWebApplication.php:281
Stack trace:
#0 /var/www/panpan/fangte/framework/web/CWebApplication.php(136): CWebApplication->runController('favicon.ico')
#1 /var/www/panpan/fangte/framework/base/CApplication.php(158): CWebApplication->processRequest()
#2 /var/www/panpan/fangte/index.php(15): CApplication->run()
#3 {main} REQUEST_URI=/favicon.ico
2012/07/13 22:31:36 [error] [exception.CHttpException.404] exception 'CHttpException' with message 'Unable to resolve the request "favicon.ico".' in /var/www/panpan/fangte/framework/web/CWebApplication.php:281
Stack trace:
#0 /var/www/panpan/fangte/framework/web/CWebApplication.php(136): CWebApplication->runController('favicon.ico')
#1 /var/www/panpan/fangte/framework/base/CApplication.php(158): CWebApplication->processRequest()
#2 /var/www/panpan/fangte/index.php(15): CApplication->run()
#3 {main} REQUEST_URI=/favicon.ico
2012/07/13 22:31:37 [error] [exception.CHttpException.404] exception 'CHttpException' with message 'Unable to resolve the request "favicon.ico".' in /var/www/panpan/fangte/framework/web/CWebApplication.php:281
Stack trace:
#0 /var/www/panpan/fangte/framework/web/CWebApplication.php(136): CWebApplication->runController('favicon.ico')
#1 /var/www/panpan/fangte/framework/base/CApplication.php(158): CWebApplication->processRequest()
#2 /var/www/panpan/fangte/index.php(15): CApplication->run()
#3 {main} REQUEST_URI=/favicon.ico
2012/07/13 22:32:52 [error] [exception.CHttpException.404] exception 'CHttpException' with message 'Unable to resolve the request "favicon.ico".' in /var/www/panpan/fangte/framework/web/CWebApplication.php:281
Stack trace:
#0 /var/www/panpan/fangte/framework/web/CWebApplication.php(136): CWebApplication->runController('favicon.ico')
#1 /var/www/panpan/fangte/framework/base/CApplication.php(158): CWebApplication->processRequest()
#2 /var/www/panpan/fangte/index.php(15): CApplication->run()
#3 {main} REQUEST_URI=/favicon.ico
2012/07/13 22:33:30 [error] [exception.CHttpException.404] exception 'CHttpException' with message 'Unable to resolve the request "favicon.ico".' in /var/www/panpan/fangte/framework/web/CWebApplication.php:281
Stack trace:
#0 /var/www/panpan/fangte/framework/web/CWebApplication.php(136): CWebApplication->runController('favicon.ico')
#1 /var/www/panpan/fangte/framework/base/CApplication.php(158): CWebApplication->processRequest()
#2 /var/www/panpan/fangte/index.php(15): CApplication->run()
#3 {main} REQUEST_URI=/favicon.ico
2012/07/13 22:44:17 [error] [exception.CHttpException.404] exception 'CHttpException' with message 'Unable to resolve the request "favicon.ico".' in /var/www/panpan/fangte/framework/web/CWebApplication.php:281
Stack trace:
#0 /var/www/panpan/fangte/framework/web/CWebApplication.php(136): CWebApplication->runController('favicon.ico')
#1 /var/www/panpan/fangte/framework/base/CApplication.php(158): CWebApplication->processRequest()
#2 /var/www/panpan/fangte/index.php(15): CApplication->run()
#3 {main} REQUEST_URI=/favicon.ico
2012/07/13 22:44:34 [error] [exception.CHttpException.404] exception 'CHttpException' with message 'Unable to resolve the request "favicon.ico".' in /var/www/panpan/fangte/framework/web/CWebApplication.php:281
Stack trace:
#0 /var/www/panpan/fangte/framework/web/CWebApplication.php(136): CWebApplication->runController('favicon.ico')
#1 /var/www/panpan/fangte/framework/base/CApplication.php(158): CWebApplication->processRequest()
#2 /var/www/panpan/fangte/index.php(15): CApplication->run()
#3 {main} REQUEST_URI=/favicon.ico
2012/07/13 22:45:52 [error] [exception.CHttpException.404] exception 'CHttpException' with message 'Unable to resolve the request "favicon.ico".' in /var/www/panpan/fangte/framework/web/CWebApplication.php:281
Stack trace:
#0 /var/www/panpan/fangte/framework/web/CWebApplication.php(136): CWebApplication->runController('favicon.ico')
#1 /var/www/panpan/fangte/framework/base/CApplication.php(158): CWebApplication->processRequest()
#2 /var/www/panpan/fangte/index.php(15): CApplication->run()
#3 {main} REQUEST_URI=/favicon.ico
2012/07/13 22:50:34 [error] [exception.CHttpException.404] exception 'CHttpException' with message 'Unable to resolve the request "favicon.ico".' in /var/www/panpan/fangte/framework/web/CWebApplication.php:281
Stack trace:
#0 /var/www/panpan/fangte/framework/web/CWebApplication.php(136): CWebApplication->runController('favicon.ico')
#1 /var/www/panpan/fangte/framework/base/CApplication.php(158): CWebApplication->processRequest()
#2 /var/www/panpan/fangte/index.php(15): CApplication->run()
#3 {main} REQUEST_URI=/favicon.ico
2012/07/13 22:53:29 [error] [exception.CHttpException.404] exception 'CHttpException' with message 'Unable to resolve the request "favicon.ico".' in /var/www/panpan/fangte/framework/web/CWebApplication.php:281
Stack trace:
#0 /var/www/panpan/fangte/framework/web/CWebApplication.php(136): CWebApplication->runController('favicon.ico')
#1 /var/www/panpan/fangte/framework/base/CApplication.php(158): CWebApplication->processRequest()
#2 /var/www/panpan/fangte/index.php(15): CApplication->run()
#3 {main} REQUEST_URI=/favicon.ico
2012/07/13 22:56:29 [error] [exception.CHttpException.404] exception 'CHttpException' with message 'Unable to resolve the request "favicon.ico".' in /var/www/panpan/fangte/framework/web/CWebApplication.php:281
Stack trace:
#0 /var/www/panpan/fangte/framework/web/CWebApplication.php(136): CWebApplication->runController('favicon.ico')
#1 /var/www/panpan/fangte/framework/base/CApplication.php(158): CWebApplication->processRequest()
#2 /var/www/panpan/fangte/index.php(15): CApplication->run()
#3 {main} REQUEST_URI=/favicon.ico
2012/07/13 22:57:07 [error] [exception.CHttpException.404] exception 'CHttpException' with message 'Unable to resolve the request "favicon.ico".' in /var/www/panpan/fangte/framework/web/CWebApplication.php:281
Stack trace:
#0 /var/www/panpan/fangte/framework/web/CWebApplication.php(136): CWebApplication->runController('favicon.ico')
#1 /var/www/panpan/fangte/framework/base/CApplication.php(158): CWebApplication->processRequest()
#2 /var/www/panpan/fangte/index.php(15): CApplication->run()
#3 {main} REQUEST_URI=/favicon.ico
2012/07/13 22:58:08 [error] [exception.CHttpException.404] exception 'CHttpException' with message 'Unable to resolve the request "favicon.ico".' in /var/www/panpan/fangte/framework/web/CWebApplication.php:281
Stack trace:
#0 /var/www/panpan/fangte/framework/web/CWebApplication.php(136): CWebApplication->runController('favicon.ico')
#1 /var/www/panpan/fangte/framework/base/CApplication.php(158): CWebApplication->processRequest()
#2 /var/www/panpan/fangte/index.php(15): CApplication->run()
#3 {main} REQUEST_URI=/favicon.ico
2012/07/13 22:58:23 [error] [exception.CHttpException.404] exception 'CHttpException' with message 'Unable to resolve the request "favicon.ico".' in /var/www/panpan/fangte/framework/web/CWebApplication.php:281
Stack trace:
#0 /var/www/panpan/fangte/framework/web/CWebApplication.php(136): CWebApplication->runController('favicon.ico')
#1 /var/www/panpan/fangte/framework/base/CApplication.php(158): CWebApplication->processRequest()
#2 /var/www/panpan/fangte/index.php(15): CApplication->run()
#3 {main} REQUEST_URI=/favicon.ico
2012/07/13 22:58:23 [error] [exception.CHttpException.404] exception 'CHttpException' with message 'Unable to resolve the request "favicon.ico".' in /var/www/panpan/fangte/framework/web/CWebApplication.php:281
Stack trace:
#0 /var/www/panpan/fangte/framework/web/CWebApplication.php(136): CWebApplication->runController('favicon.ico')
#1 /var/www/panpan/fangte/framework/base/CApplication.php(158): CWebApplication->processRequest()
#2 /var/www/panpan/fangte/index.php(15): CApplication->run()
#3 {main} REQUEST_URI=/favicon.ico
2012/07/13 22:58:23 [error] [exception.CHttpException.404] exception 'CHttpException' with message 'Unable to resolve the request "favicon.ico".' in /var/www/panpan/fangte/framework/web/CWebApplication.php:281
Stack trace:
#0 /var/www/panpan/fangte/framework/web/CWebApplication.php(136): CWebApplication->runController('favicon.ico')
#1 /var/www/panpan/fangte/framework/base/CApplication.php(158): CWebApplication->processRequest()
#2 /var/www/panpan/fangte/index.php(15): CApplication->run()
#3 {main} REQUEST_URI=/favicon.ico
2012/07/13 22:58:41 [error] [exception.CHttpException.404] exception 'CHttpException' with message 'Unable to resolve the request "favicon.ico".' in /var/www/panpan/fangte/framework/web/CWebApplication.php:281
Stack trace:
#0 /var/www/panpan/fangte/framework/web/CWebApplication.php(136): CWebApplication->runController('favicon.ico')
#1 /var/www/panpan/fangte/framework/base/CApplication.php(158): CWebApplication->processRequest()
#2 /var/www/panpan/fangte/index.php(15): CApplication->run()
#3 {main} REQUEST_URI=/favicon.ico
2012/07/13 22:58:52 [error] [exception.CHttpException.404] exception 'CHttpException' with message 'Unable to resolve the request "favicon.ico".' in /var/www/panpan/fangte/framework/web/CWebApplication.php:281
Stack trace:
#0 /var/www/panpan/fangte/framework/web/CWebApplication.php(136): CWebApplication->runController('favicon.ico')
#1 /var/www/panpan/fangte/framework/base/CApplication.php(158): CWebApplication->processRequest()
#2 /var/www/panpan/fangte/index.php(15): CApplication->run()
#3 {main} REQUEST_URI=/favicon.ico
2012/07/13 22:58:58 [error] [exception.CHttpException.404] exception 'CHttpException' with message 'Unable to resolve the request "favicon.ico".' in /var/www/panpan/fangte/framework/web/CWebApplication.php:281
Stack trace:
#0 /var/www/panpan/fangte/framework/web/CWebApplication.php(136): CWebApplication->runController('favicon.ico')
#1 /var/www/panpan/fangte/framework/base/CApplication.php(158): CWebApplication->processRequest()
#2 /var/www/panpan/fangte/index.php(15): CApplication->run()
#3 {main} REQUEST_URI=/favicon.ico
2012/07/13 22:59:28 [error] [exception.CHttpException.404] exception 'CHttpException' with message 'Unable to resolve the request "favicon.ico".' in /var/www/panpan/fangte/framework/web/CWebApplication.php:281
Stack trace:
#0 /var/www/panpan/fangte/framework/web/CWebApplication.php(136): CWebApplication->runController('favicon.ico')
#1 /var/www/panpan/fangte/framework/base/CApplication.php(158): CWebApplication->processRequest()
#2 /var/www/panpan/fangte/index.php(15): CApplication->run()
#3 {main} REQUEST_URI=/favicon.ico
2012/07/13 23:06:48 [error] [exception.CHttpException.404] exception 'CHttpException' with message 'Unable to resolve the request "favicon.ico".' in /var/www/panpan/fangte/framework/web/CWebApplication.php:281
Stack trace:
#0 /var/www/panpan/fangte/framework/web/CWebApplication.php(136): CWebApplication->runController('favicon.ico')
#1 /var/www/panpan/fangte/framework/base/CApplication.php(158): CWebApplication->processRequest()
#2 /var/www/panpan/fangte/index.php(15): CApplication->run()
#3 {main} REQUEST_URI=/favicon.ico
2012/07/13 23:08:44 [error] [exception.CHttpException.404] exception 'CHttpException' with message 'Unable to resolve the request "favicon.ico".' in /var/www/panpan/fangte/framework/web/CWebApplication.php:281
Stack trace:
#0 /var/www/panpan/fangte/framework/web/CWebApplication.php(136): CWebApplication->runController('favicon.ico')
#1 /var/www/panpan/fangte/framework/base/CApplication.php(158): CWebApplication->processRequest()
#2 /var/www/panpan/fangte/index.php(15): CApplication->run()
#3 {main} REQUEST_URI=/favicon.ico
2012/07/13 23:35:01 [error] [exception.CHttpException.404] exception 'CHttpException' with message 'Unable to resolve the request "favicon.ico".' in /var/www/panpan/fangte/framework/web/CWebApplication.php:281
Stack trace:
#0 /var/www/panpan/fangte/framework/web/CWebApplication.php(136): CWebApplication->runController('favicon.ico')
#1 /var/www/panpan/fangte/framework/base/CApplication.php(158): CWebApplication->processRequest()
#2 /var/www/panpan/fangte/index.php(15): CApplication->run()
#3 {main} REQUEST_URI=/favicon.ico
2012/07/13 23:46:34 [error] [exception.CHttpException.404] exception 'CHttpException' with message 'Unable to resolve the request "favicon.ico".' in /var/www/panpan/fangte/framework/web/CWebApplication.php:281
Stack trace:
#0 /var/www/panpan/fangte/framework/web/CWebApplication.php(136): CWebApplication->runController('favicon.ico')
#1 /var/www/panpan/fangte/framework/base/CApplication.php(158): CWebApplication->processRequest()
#2 /var/www/panpan/fangte/index.php(15): CApplication->run()
#3 {main} REQUEST_URI=/favicon.ico
2012/07/14 00:12:55 [error] [exception.CHttpException.404] exception 'CHttpException' with message 'Unable to resolve the request "favicon.ico".' in /var/www/panpan/fangte/framework/web/CWebApplication.php:281
Stack trace:
#0 /var/www/panpan/fangte/framework/web/CWebApplication.php(136): CWebApplication->runController('favicon.ico')
#1 /var/www/panpan/fangte/framework/base/CApplication.php(158): CWebApplication->processRequest()
#2 /var/www/panpan/fangte/index.php(15): CApplication->run()
#3 {main} REQUEST_URI=/favicon.ico
2012/07/14 00:13:14 [error] [exception.CHttpException.404] exception 'CHttpException' with message 'Unable to resolve the request "favicon.ico".' in /var/www/panpan/fangte/framework/web/CWebApplication.php:281
Stack trace:
#0 /var/www/panpan/fangte/framework/web/CWebApplication.php(136): CWebApplication->runController('favicon.ico')
#1 /var/www/panpan/fangte/framework/base/CApplication.php(158): CWebApplication->processRequest()
#2 /var/www/panpan/fangte/index.php(15): CApplication->run()
#3 {main} REQUEST_URI=/favicon.ico
